mode: set
secure-payment-service/cmd/server/main.go:19.13,23.16 3 0
secure-payment-service/cmd/server/main.go:23.16,25.3 1 0
secure-payment-service/cmd/server/main.go:26.2,32.16 3 0
secure-payment-service/cmd/server/main.go:32.16,34.3 1 0
secure-payment-service/cmd/server/main.go:36.2,37.16 2 0
secure-payment-service/cmd/server/main.go:37.16,39.3 1 0
secure-payment-service/cmd/server/main.go:40.2,53.47 9 0
secure-payment-service/internal/config/config.go:12.29,14.23 2 0
secure-payment-service/internal/config/config.go:14.23,16.3 1 0
secure-payment-service/internal/config/config.go:18.2,19.19 2 0
secure-payment-service/internal/config/config.go:19.19,21.3 1 0
secure-payment-service/internal/config/config.go:23.2,28.17 2 0
secure-payment-service/internal/routes/routes.go:9.115,18.2 7 0
secure-payment-service/internal/logging/logger.go:11.19,15.2 3 0
secure-payment-service/internal/middleware/auth.go:16.29,17.30 1 0
secure-payment-service/internal/middleware/auth.go:17.30,19.23 2 0
secure-payment-service/internal/middleware/auth.go:19.23,23.4 3 0
secure-payment-service/internal/middleware/auth.go:25.3,27.81 2 0
secure-payment-service/internal/middleware/auth.go:27.81,28.58 1 0
secure-payment-service/internal/middleware/auth.go:28.58,30.5 1 0
secure-payment-service/internal/middleware/auth.go:31.4,31.22 1 0
secure-payment-service/internal/middleware/auth.go:34.3,34.33 1 0
secure-payment-service/internal/middleware/auth.go:34.33,38.4 3 0
secure-payment-service/internal/middleware/auth.go:40.3,40.11 1 0
secure-payment-service/internal/middleware/auth.go:44.38,45.30 1 0
secure-payment-service/internal/middleware/auth.go:45.30,56.3 4 0
secure-payment-service/internal/enums/enums.go:13.45,15.2 1 1
secure-payment-service/internal/enums/enums.go:17.44,18.12 1 1
secure-payment-service/internal/enums/enums.go:19.34,20.14 1 1
secure-payment-service/internal/enums/enums.go:21.10,22.15 1 1
secure-payment-service/internal/enums/enums.go:26.74,28.23 2 1
secure-payment-service/internal/enums/enums.go:28.23,30.3 1 1
secure-payment-service/internal/enums/enums.go:31.2,31.20 1 1
secure-payment-service/internal/controller/prometheus.go:8.42,10.30 2 0
secure-payment-service/internal/controller/prometheus.go:10.30,12.3 1 0
secure-payment-service/internal/controller/transfer_controller.go:16.77,18.2 1 1
secure-payment-service/internal/controller/transfer_controller.go:20.64,22.52 2 1
secure-payment-service/internal/controller/transfer_controller.go:22.52,25.3 2 1
secure-payment-service/internal/controller/transfer_controller.go:27.2,28.16 2 1
secure-payment-service/internal/controller/transfer_controller.go:28.16,31.3 2 1
secure-payment-service/internal/controller/transfer_controller.go:33.2,36.4 1 1
secure-payment-service/internal/controller/transfer_controller.go:39.61,43.16 3 1
secure-payment-service/internal/controller/transfer_controller.go:43.16,46.3 2 1
secure-payment-service/internal/controller/transfer_controller.go:48.2,48.33 1 1
secure-payment-service/internal/controller/transfer_controller.go:51.67,55.16 3 1
secure-payment-service/internal/controller/transfer_controller.go:55.16,58.3 2 1
secure-payment-service/internal/controller/transfer_controller.go:60.2,63.4 1 1
secure-payment-service/internal/controller/transfer_controller.go:66.64,68.51 2 1
secure-payment-service/internal/controller/transfer_controller.go:68.51,71.3 2 1
secure-payment-service/internal/controller/transfer_controller.go:73.2,73.88 1 1
secure-payment-service/internal/controller/transfer_controller.go:73.88,76.3 2 1
secure-payment-service/internal/controller/transfer_controller.go:78.2,78.60 1 1
secure-payment-service/internal/repository/transfer_repository.go:25.62,27.2 1 1
secure-payment-service/internal/repository/transfer_repository.go:29.28,31.2 1 1
secure-payment-service/internal/repository/transfer_repository.go:33.90,42.53 2 1
secure-payment-service/internal/repository/transfer_repository.go:42.53,44.3 1 0
secure-payment-service/internal/repository/transfer_repository.go:46.2,46.33 1 1
secure-payment-service/internal/repository/transfer_repository.go:49.74,52.25 3 1
secure-payment-service/internal/repository/transfer_repository.go:52.25,54.3 1 1
secure-payment-service/internal/repository/transfer_repository.go:56.2,56.22 1 1
secure-payment-service/internal/repository/transfer_repository.go:59.72,68.56 4 1
secure-payment-service/internal/repository/transfer_repository.go:68.56,70.3 1 0
secure-payment-service/internal/repository/transfer_repository.go:72.2,77.58 2 1
secure-payment-service/internal/repository/transfer_repository.go:77.58,79.3 1 0
secure-payment-service/internal/repository/transfer_repository.go:81.2,83.31 2 1
secure-payment-service/internal/repository/transfer_repository.go:86.66,88.25 2 1
secure-payment-service/internal/repository/transfer_repository.go:88.25,90.3 1 0
secure-payment-service/internal/repository/transfer_repository.go:92.2,92.30 1 1
secure-payment-service/internal/repository/transfer_repository.go:92.30,94.3 1 1
secure-payment-service/internal/repository/transfer_repository.go:96.2,96.12 1 1
secure-payment-service/internal/service/transfer_service.go:23.77,25.2 1 1
secure-payment-service/internal/service/transfer_service.go:27.93,29.16 2 1
secure-payment-service/internal/service/transfer_service.go:29.16,31.3 1 1
secure-payment-service/internal/service/transfer_service.go:33.2,35.16 2 1
secure-payment-service/internal/service/transfer_service.go:38.79,40.16 2 1
secure-payment-service/internal/service/transfer_service.go:40.16,42.3 1 1
secure-payment-service/internal/service/transfer_service.go:44.2,44.22 1 1
secure-payment-service/internal/service/transfer_service.go:47.77,49.16 2 1
secure-payment-service/internal/service/transfer_service.go:49.16,51.3 1 1
secure-payment-service/internal/service/transfer_service.go:53.2,53.21 1 1
secure-payment-service/internal/service/transfer_service.go:56.71,57.58 1 1
secure-payment-service/internal/service/transfer_service.go:57.58,59.3 1 1
secure-payment-service/internal/service/transfer_service.go:61.2,61.12 1 1
secure-payment-service/internal/service/transfer_service.go:64.58,68.35 3 1
secure-payment-service/internal/service/transfer_service.go:68.35,70.62 2 1
secure-payment-service/internal/service/transfer_service.go:70.62,72.12 2 0
secure-payment-service/internal/service/transfer_service.go:74.3,74.9 1 1
