mode: set
secure-payment-service/internal/config/config.go:12.29,14.23 2 0
secure-payment-service/internal/config/config.go:14.23,16.3 1 0
secure-payment-service/internal/config/config.go:18.2,19.19 2 0
secure-payment-service/internal/config/config.go:19.19,21.3 1 0
secure-payment-service/internal/config/config.go:23.2,28.17 2 0
secure-payment-service/cmd/server/main.go:19.13,23.16 3 0
secure-payment-service/cmd/server/main.go:23.16,25.3 1 0
secure-payment-service/cmd/server/main.go:26.2,32.16 3 0
secure-payment-service/cmd/server/main.go:32.16,34.3 1 0
secure-payment-service/cmd/server/main.go:36.2,37.16 2 0
secure-payment-service/cmd/server/main.go:37.16,39.3 1 0
secure-payment-service/cmd/server/main.go:40.2,53.47 9 0
secure-payment-service/internal/middleware/auth.go:16.29,17.30 1 0
secure-payment-service/internal/middleware/auth.go:17.30,19.23 2 0
secure-payment-service/internal/middleware/auth.go:19.23,23.4 3 0
secure-payment-service/internal/middleware/auth.go:25.3,27.81 2 0
secure-payment-service/internal/middleware/auth.go:27.81,28.58 1 0
secure-payment-service/internal/middleware/auth.go:28.58,30.5 1 0
secure-payment-service/internal/middleware/auth.go:31.4,31.22 1 0
secure-payment-service/internal/middleware/auth.go:34.3,34.33 1 0
secure-payment-service/internal/middleware/auth.go:34.33,38.4 3 0
secure-payment-service/internal/middleware/auth.go:40.3,40.11 1 0
secure-payment-service/internal/middleware/auth.go:44.38,45.30 1 0
secure-payment-service/internal/middleware/auth.go:45.30,56.3 4 0
secure-payment-service/internal/logging/logger.go:11.19,15.2 3 0
secure-payment-service/internal/routes/routes.go:9.115,18.2 7 0
secure-payment-service/internal/enums/enums.go:13.45,15.2 1 1
secure-payment-service/internal/enums/enums.go:17.44,18.12 1 1
secure-payment-service/internal/enums/enums.go:19.34,20.14 1 1
secure-payment-service/internal/enums/enums.go:21.10,22.15 1 1
secure-payment-service/internal/enums/enums.go:26.74,28.23 2 1
secure-payment-service/internal/enums/enums.go:28.23,30.3 1 1
secure-payment-service/internal/enums/enums.go:31.2,31.20 1 1
secure-payment-service/internal/controller/prometheus.go:8.42,10.30 2 0
secure-payment-service/internal/controller/prometheus.go:10.30,12.3 1 0
secure-payment-service/internal/controller/transfer_controller.go:16.77,18.2 1 1
secure-payment-service/internal/controller/transfer_controller.go:20.64,22.52 2 1
secure-payment-service/internal/controller/transfer_controller.go:22.52,25.3 2 1
secure-payment-service/internal/controller/transfer_controller.go:27.2,28.16 2 1
secure-payment-service/internal/controller/transfer_controller.go:28.16,31.3 2 1
secure-payment-service/internal/controller/transfer_controller.go:33.2,36.4 1 1
secure-payment-service/internal/controller/transfer_controller.go:39.61,43.16 3 1
secure-payment-service/internal/controller/transfer_controller.go:43.16,46.3 2 1
secure-payment-service/internal/controller/transfer_controller.go:48.2,48.33 1 1
secure-payment-service/internal/controller/transfer_controller.go:51.67,55.16 3 1
secure-payment-service/internal/controller/transfer_controller.go:55.16,58.3 2 1
secure-payment-service/internal/controller/transfer_controller.go:60.2,63.4 1 1
secure-payment-service/internal/controller/transfer_controller.go:66.64,68.51 2 1
secure-payment-service/internal/controller/transfer_controller.go:68.51,71.3 2 1
secure-payment-service/internal/controller/transfer_controller.go:73.2,73.88 1 1
secure-payment-service/internal/controller/transfer_controller.go:73.88,76.3 2 1
secure-payment-service/internal/controller/transfer_controller.go:78.2,78.60 1 1
secure-payment-service/internal/repository/transfer_repository.go:25.62,27.2 1 1
secure-payment-service/internal/repository/transfer_repository.go:29.28,31.2 1 1
secure-payment-service/internal/repository/transfer_repository.go:33.90,42.53 2 1
secure-payment-service/internal/repository/transfer_repository.go:42.53,44.3 1 0
secure-payment-service/internal/repository/transfer_repository.go:46.2,46.33 1 1
secure-payment-service/internal/repository/transfer_repository.go:49.74,52.25 3 1
secure-payment-service/internal/repository/transfer_repository.go:52.25,54.3 1 1
secure-payment-service/internal/repository/transfer_repository.go:56.2,56.22 1 1
secure-payment-service/internal/repository/transfer_repository.go:59.72,68.16 5 1
secure-payment-service/internal/repository/transfer_repository.go:68.16,70.3 1 1
secure-payment-service/internal/repository/transfer_repository.go:72.2,77.56 2 1
secure-payment-service/internal/repository/transfer_repository.go:77.56,79.3 1 0
secure-payment-service/internal/repository/transfer_repository.go:81.2,86.58 2 1
secure-payment-service/internal/repository/transfer_repository.go:86.58,88.3 1 0
secure-payment-service/internal/repository/transfer_repository.go:90.2,92.31 2 1
secure-payment-service/internal/repository/transfer_repository.go:95.66,97.25 2 1
secure-payment-service/internal/repository/transfer_repository.go:97.25,99.3 1 0
secure-payment-service/internal/repository/transfer_repository.go:101.2,101.30 1 1
secure-payment-service/internal/repository/transfer_repository.go:101.30,103.3 1 1
secure-payment-service/internal/repository/transfer_repository.go:105.2,105.12 1 1
secure-payment-service/internal/service/transfer_service.go:40.77,42.2 1 1
secure-payment-service/internal/service/transfer_service.go:44.93,49.16 4 1
secure-payment-service/internal/service/transfer_service.go:49.16,54.3 4 1
secure-payment-service/internal/service/transfer_service.go:56.2,59.16 3 1
secure-payment-service/internal/service/transfer_service.go:62.79,67.16 4 1
secure-payment-service/internal/service/transfer_service.go:67.16,69.55 2 1
secure-payment-service/internal/service/transfer_service.go:69.55,71.4 1 0
secure-payment-service/internal/service/transfer_service.go:72.3,75.32 4 1
secure-payment-service/internal/service/transfer_service.go:78.2,79.22 2 1
secure-payment-service/internal/service/transfer_service.go:82.77,87.16 4 1
secure-payment-service/internal/service/transfer_service.go:87.16,89.54 2 1
secure-payment-service/internal/service/transfer_service.go:89.54,91.4 1 0
secure-payment-service/internal/service/transfer_service.go:92.3,95.16 4 1
secure-payment-service/internal/service/transfer_service.go:98.2,99.21 2 1
secure-payment-service/internal/service/transfer_service.go:102.71,106.58 3 1
secure-payment-service/internal/service/transfer_service.go:106.58,108.55 2 1
secure-payment-service/internal/service/transfer_service.go:108.55,110.4 1 0
secure-payment-service/internal/service/transfer_service.go:111.3,114.13 4 1
secure-payment-service/internal/service/transfer_service.go:117.2,118.12 2 1
secure-payment-service/internal/service/transfer_service.go:121.58,122.35 1 1
secure-payment-service/internal/service/transfer_service.go:122.35,124.62 2 1
secure-payment-service/internal/service/transfer_service.go:124.62,127.12 3 0
secure-payment-service/internal/service/transfer_service.go:128.9,128.24 1 1
secure-payment-service/internal/service/transfer_service.go:128.24,131.4 2 0
secure-payment-service/internal/service/transfer_service.go:131.9,134.4 2 1
secure-payment-service/internal/service/transfer_service.go:136.2,136.120 1 0
